<?xml version="1.0" encoding="UTF-8"?>
<!-- Generated by org.testng.reporters.JUnitReportReporter -->
<testsuite skipped="0" hostname="DESKTOP-QOSDO1O" name="Fab_Application.ReviewPageTest.ApplyCouponTest" tests="1" failures="0" timestamp="05 Dec 2018 09:39:16 GMT" time="54.614" errors="0">
  <testcase name="PreAppliedCouponsTest" time="54.614" classname="Fab_Application.ReviewPageTest.ApplyCouponTest"/>
</testsuite> <!-- Fab_Application.ReviewPageTest.ApplyCouponTest -->
