<?xml version="1.0" encoding="UTF-8"?>
<!-- Generated by org.testng.reporters.JUnitReportReporter -->
<testsuite skipped="0" hostname="DESKTOP-QOSDO1O" name="Fab_Application.BookingTest.BookingFlowTest" tests="1" failures="0" timestamp="07 Dec 2018 07:59:55 GMT" time="81.808" errors="0">
  <testcase name="BookingFlow_Test" time="81.808" classname="Fab_Application.BookingTest.BookingFlowTest"/>
</testsuite> <!-- Fab_Application.BookingTest.BookingFlowTest -->
